Base path: 'C:/Program Files/Unity/Hub/Editor/2019.4.17f1/Editor/Data', plugins path 'C:/Program Files/Unity/Hub/Editor/2019.4.17f1/Editor/Data/PlaybackEngines'
Cmd: initializeCompiler
Cmd: compileSnippet
  api=4 type=1 insize=2364 outsize=4362 kw=FOG_EXP2 _EMISSION _ADDITIONAL_LIGHTS pd=UNITY_ENABLE_REFLECTION_BUFFERS UNITY_USE_DITHER_MASK_FOR_ALPHABLENDED_SHADOWS UNITY_PBS_USE_BRDF1 UNITY_SPECCUBE_BOX_PROJECTION UNITY_SPECCUBE_BLENDING UNITY_ENABLE_DETAIL_NORMALMAP SHADER_API_DESKTOP UNITY_LIGHT_PROBE_PROXY_VOLUME UNITY_LIGHTMAP_RGBM_ENCODING ok=1
Cmd: initializeCompiler
Cmd: compileComputeKernel
  api=4 insize=958 outsize=1611 ok=1
Cmd: compileComputeKernel
  api=4 insize=759 outsize=806 ok=1
Cmd: compileComputeKernel
  api=4 insize=3405 outsize=3725 ok=1
Cmd: compileComputeKernel
  api=4 insize=13751 outsize=1848 ok=1
Cmd: compileComputeKernel
  api=4 insize=80473 outsize=1579 ok=1
Cmd: compileComputeKernel
  api=4 insize=80473 outsize=2634 ok=1
Cmd: compileComputeKernel
  api=4 insize=80473 outsize=3685 ok=1
Cmd: compileComputeKernel
  api=4 insize=80473 outsize=1843 ok=1
Cmd: compileComputeKernel
  api=4 insize=80473 outsize=3471 ok=1
Cmd: compileComputeKernel
  api=4 insize=80473 outsize=3485 ok=1
Cmd: compileComputeKernel
  api=4 insize=80473 outsize=3472 ok=1
Cmd: compileComputeKernel
  api=4 insize=80473 outsize=5479 ok=1
Cmd: compileComputeKernel
  api=4 insize=80473 outsize=5218 ok=1
Cmd: compileComputeKernel
  api=4 insize=80473 outsize=2210 ok=1
Cmd: compileComputeKernel
  api=4 insize=80473 outsize=7097 ok=1
Cmd: compileComputeKernel
  api=4 insize=4703 outsize=3429 ok=1
Cmd: compileComputeKernel
  api=4 insize=75201 outsize=7888 ok=1
Cmd: compileComputeKernel
  error: 1 plat 4 at Conv2d.cginc(756): signed/unsigned mismatch, unsigned assumed
  api=4 insize=776 outsize=9765 ok=1
Cmd: compileComputeKernel
  api=4 insize=10470 outsize=770 ok=1
Cmd: compileComputeKernel
  api=4 insize=10470 outsize=882 ok=1
Cmd: compileComputeKernel
  api=4 insize=10470 outsize=677 ok=1
Cmd: compileComputeKernel
  api=4 insize=10470 outsize=1137 ok=1
Cmd: compileComputeKernel
  api=4 insize=10470 outsize=1363 ok=1
Cmd: compileComputeKernel
  api=4 insize=10470 outsize=1284 ok=1
Cmd: compileComputeKernel
  api=4 insize=10470 outsize=1397 ok=1
Cmd: compileComputeKernel
  api=4 insize=10470 outsize=1264 ok=1
Cmd: compileComputeKernel
  api=4 insize=4442 outsize=1750 ok=1
