Base path: 'C:/Program Files/Unity/Hub/Editor/2019.4.17f1/Editor/Data', plugins path 'C:/Program Files/Unity/Hub/Editor/2019.4.17f1/Editor/Data/PlaybackEngines'
Cmd: initializeCompiler
Cmd: compileSnippet
  api=4 type=0 insize=2364 outsize=1938 kw=FOG_EXP2 _ADDITIONAL_LIGHTS _SMOOTHNESS_TEXTURE_ALBEDO_CHANNEL_A pd=UNITY_ENABLE_REFLECTION_BUFFERS UNITY_USE_DITHER_MASK_FOR_ALPHABLENDED_SHADOWS UNITY_PBS_USE_BRDF1 UNITY_SPECCUBE_BOX_PROJECTION UNITY_SPECCUBE_BLENDING UNITY_ENABLE_DETAIL_NORMALMAP SHADER_API_DESKTOP UNITY_LIGHT_PROBE_PROXY_VOLUME UNITY_LIGHTMAP_RGBM_ENCODING ok=1
Cmd: initializeCompiler
Cmd: compileComputeKernel
  api=4 insize=775 outsize=12420 ok=1
Cmd: compileComputeKernel
  api=4 insize=222 outsize=674 ok=1
Cmd: compileComputeKernel
  api=4 insize=759 outsize=777 ok=1
Cmd: compileComputeKernel
  api=4 insize=3405 outsize=15993 ok=1
Cmd: compileComputeKernel
  api=4 insize=13751 outsize=1126 ok=1
Cmd: compileComputeKernel
  api=4 insize=13751 outsize=1916 ok=1
Cmd: compileComputeKernel
  api=4 insize=80473 outsize=1686 ok=1
Cmd: compileComputeKernel
  api=4 insize=80473 outsize=1634 ok=1
Cmd: compileComputeKernel
  api=4 insize=80473 outsize=2041 ok=1
Cmd: compileComputeKernel
  api=4 insize=80473 outsize=3412 ok=1
Cmd: compileComputeKernel
  api=4 insize=80473 outsize=3608 ok=1
Cmd: compileComputeKernel
  api=4 insize=80473 outsize=3399 ok=1
Cmd: compileComputeKernel
  api=4 insize=80473 outsize=3375 ok=1
Cmd: compileComputeKernel
  api=4 insize=80473 outsize=5039 ok=1
Cmd: compileComputeKernel
  api=4 insize=80473 outsize=5073 ok=1
Cmd: compileComputeKernel
  api=4 insize=80473 outsize=3309 ok=1
Cmd: compileComputeKernel
  api=4 insize=80473 outsize=1750 ok=1
Cmd: compileComputeKernel
  api=4 insize=80473 outsize=4571 ok=1
Cmd: compileComputeKernel
  api=4 insize=4703 outsize=3309 ok=1
Cmd: compileComputeKernel
  api=4 insize=467 outsize=3147 ok=1
Cmd: compileComputeKernel
  api=4 insize=958 outsize=1611 ok=1
Cmd: compileComputeKernel
  api=4 insize=10470 outsize=1157 ok=1
Cmd: compileComputeKernel
  api=4 insize=10470 outsize=986 ok=1
Cmd: compileComputeKernel
  api=4 insize=10470 outsize=772 ok=1
Cmd: compileComputeKernel
  api=4 insize=10470 outsize=1796 ok=1
Cmd: compileComputeKernel
  api=4 insize=10470 outsize=1465 ok=1
Cmd: compileComputeKernel
  api=4 insize=10470 outsize=1369 ok=1
Cmd: compileComputeKernel
  api=4 insize=10470 outsize=1565 ok=1
Cmd: compileComputeKernel
  api=4 insize=10470 outsize=1380 ok=1
Cmd: compileComputeKernel
  api=4 insize=4442 outsize=1684 ok=1

Quitting shader compiler process
