Base path: 'C:/Program Files/Unity/Hub/Editor/2019.4.17f1/Editor/Data', plugins path 'C:/Program Files/Unity/Hub/Editor/2019.4.17f1/Editor/Data/PlaybackEngines'
Cmd: initializeCompiler
Cmd: compileSnippet
  api=4 type=0 insize=2364 outsize=1950 kw=FOG_EXP2 _ADDITIONAL_LIGHTS _NORMALMAP _METALLICSPECGLOSSMAP _OCCLUSIONMAP pd=UNITY_ENABLE_REFLECTION_BUFFERS UNITY_USE_DITHER_MASK_FOR_ALPHABLENDED_SHADOWS UNITY_PBS_USE_BRDF1 UNITY_SPECCUBE_BOX_PROJECTION UNITY_SPECCUBE_BLENDING UNITY_ENABLE_DETAIL_NORMALMAP SHADER_API_DESKTOP UNITY_LIGHT_PROBE_PROXY_VOLUME UNITY_LIGHTMAP_RGBM_ENCODING ok=1
Cmd: compileSnippet
  api=4 type=1 insize=2364 outsize=5178 kw=LIGHTMAP_ON FOG_EXP2 _ADDITIONAL_LIGHTS _NORMALMAP _METALLICSPECGLOSSMAP pd=UNITY_ENABLE_REFLECTION_BUFFERS UNITY_USE_DITHER_MASK_FOR_ALPHABLENDED_SHADOWS UNITY_PBS_USE_BRDF1 UNITY_SPECCUBE_BOX_PROJECTION UNITY_SPECCUBE_BLENDING UNITY_ENABLE_DETAIL_NORMALMAP SHADER_API_DESKTOP UNITY_LIGHT_PROBE_PROXY_VOLUME UNITY_LIGHTMAP_RGBM_ENCODING ok=1
Cmd: initializeCompiler
Cmd: compileComputeKernel
  api=4 insize=222 outsize=775 ok=1
Cmd: compileComputeKernel
  api=4 insize=759 outsize=638 ok=1
Cmd: compileComputeKernel
  api=4 insize=3405 outsize=3084 ok=1
Cmd: compileComputeKernel
  api=4 insize=13751 outsize=1364 ok=1
Cmd: compileComputeKernel
  api=4 insize=80473 outsize=1686 ok=1
Cmd: compileComputeKernel
  api=4 insize=80473 outsize=1634 ok=1
Cmd: compileComputeKernel
  api=4 insize=80473 outsize=1461 ok=1
Cmd: compileComputeKernel
  api=4 insize=80473 outsize=3271 ok=1
Cmd: compileComputeKernel
  api=4 insize=80473 outsize=3457 ok=1
Cmd: compileComputeKernel
  api=4 insize=80473 outsize=3399 ok=1
Cmd: compileComputeKernel
  api=4 insize=80473 outsize=3916 ok=1
Cmd: compileComputeKernel
  api=4 insize=80473 outsize=4419 ok=1
Cmd: compileComputeKernel
  api=4 insize=80473 outsize=5076 ok=1
Cmd: compileComputeKernel
  api=4 insize=80473 outsize=3554 ok=1
Cmd: compileComputeKernel
  api=4 insize=80473 outsize=3761 ok=1
Cmd: compileComputeKernel
  api=4 insize=4703 outsize=3310 ok=1
Cmd: compileComputeKernel
  api=4 insize=75201 outsize=1071 ok=1
Cmd: compileComputeKernel
  api=4 insize=958 outsize=1465 ok=1
Cmd: compileComputeKernel
  api=4 insize=10470 outsize=772 ok=1
Cmd: compileComputeKernel
  api=4 insize=10470 outsize=701 ok=1
Cmd: compileComputeKernel
  api=4 insize=10470 outsize=847 ok=1
Cmd: compileComputeKernel
  api=4 insize=10470 outsize=772 ok=1
Cmd: compileComputeKernel
  api=4 insize=10470 outsize=1524 ok=1
Cmd: compileComputeKernel
  api=4 insize=10470 outsize=1465 ok=1
Cmd: compileComputeKernel
  api=4 insize=10470 outsize=1843 ok=1
Cmd: compileComputeKernel
  api=4 insize=10470 outsize=1828 ok=1
Cmd: compileComputeKernel
  api=4 insize=10470 outsize=1361 ok=1
Cmd: compileComputeKernel
  api=4 insize=4442 outsize=1590 ok=1

Quitting shader compiler process
